2024-03-14T09:35:09.567+09:00  INFO 2940 --- [ch08] [restartedMain] kr.co.ch09.Ch09Application               : Starting Ch09Application using Java 17.0.9 with PID 2940 (C:\Users\java\Desktop\workspace\Spring\ch09\build\classes\java\main started by java in C:\Users\java\Desktop\workspace\Spring\ch09)
2024-03-14T09:35:09.569+09:00  INFO 2940 --- [ch08] [restartedMain] kr.co.ch09.Ch09Application               : No active profile set, falling back to 1 default profile: "default"
2024-03-14T09:35:09.594+09:00  INFO 2940 --- [ch08] [restartedMain] .e.DevToolsPropertyDefaultsPostProcessor : Devtools property defaults active! Set 'spring.devtools.add-properties' to 'false' to disable
2024-03-14T09:35:09.594+09:00  INFO 2940 --- [ch08] [restartedMain] .e.DevToolsPropertyDefaultsPostProcessor : For additional web related logging consider setting the 'logging.level.web' property to 'DEBUG'
2024-03-14T09:35:09.962+09:00  INFO 2940 --- [ch08] [restartedMain] .s.d.r.c.RepositoryConfigurationDelegate : Bootstrapping Spring Data JPA repositories in DEFAULT mode.
2024-03-14T09:35:09.969+09:00  INFO 2940 --- [ch08] [restartedMain] .s.d.r.c.RepositoryConfigurationDelegate : Finished Spring Data repository scanning in 2 ms. Found 0 JPA repository interfaces.
2024-03-14T09:35:10.037+09:00  WARN 2940 --- [ch08] [restartedMain] o.m.s.mapper.ClassPathMapperScanner      : No MyBatis mapper was found in '[kr.co.ch09]' package. Please check your configuration.
2024-03-14T09:35:10.265+09:00  INFO 2940 --- [ch08] [restartedMain] o.s.b.w.embedded.tomcat.TomcatWebServer  : Tomcat initialized with port 8080 (http)
2024-03-14T09:35:10.273+09:00  INFO 2940 --- [ch08] [restartedMain] o.apache.catalina.core.StandardService   : Starting service [Tomcat]
2024-03-14T09:35:10.273+09:00  INFO 2940 --- [ch08] [restartedMain] o.apache.catalina.core.StandardEngine    : Starting Servlet engine: [Apache Tomcat/10.1.19]
2024-03-14T09:35:10.303+09:00  INFO 2940 --- [ch08] [restartedMain] o.a.c.c.C.[Tomcat].[localhost].[/ch08]   : Initializing Spring embedded WebApplicationContext
2024-03-14T09:35:10.303+09:00  INFO 2940 --- [ch08] [restartedMain] w.s.c.ServletWebServerApplicationContext : Root WebApplicationContext: initialization completed in 709 ms
2024-03-14T09:35:10.386+09:00  INFO 2940 --- [ch08] [restartedMain] o.hibernate.jpa.internal.util.LogHelper  : HHH000204: Processing PersistenceUnitInfo [name: default]
2024-03-14T09:35:10.420+09:00  INFO 2940 --- [ch08] [restartedMain] org.hibernate.Version                    : HHH000412: Hibernate ORM core version 6.4.4.Final
2024-03-14T09:35:10.440+09:00  INFO 2940 --- [ch08] [restartedMain] o.h.c.internal.RegionFactoryInitiator    : HHH000026: Second-level cache disabled
2024-03-14T09:35:10.589+09:00  INFO 2940 --- [ch08] [restartedMain] o.s.o.j.p.SpringPersistenceUnitInfo      : No LoadTimeWeaver setup: ignoring JPA class transformer
2024-03-14T09:35:10.606+09:00  INFO 2940 --- [ch08] [restartedMain] com.zaxxer.hikari.HikariDataSource       : HikariPool-1 - Starting...
2024-03-14T09:35:10.748+09:00  INFO 2940 --- [ch08] [restartedMain] com.zaxxer.hikari.pool.HikariPool        : HikariPool-1 - Added connection com.mysql.cj.jdbc.ConnectionImpl@7ef20ed4
2024-03-14T09:35:10.749+09:00  INFO 2940 --- [ch08] [restartedMain] com.zaxxer.hikari.HikariDataSource       : HikariPool-1 - Start completed.
2024-03-14T09:35:10.778+09:00  WARN 2940 --- [ch08] [restartedMain] org.hibernate.orm.deprecation            : HHH90000025: MySQLDialect does not need to be specified explicitly using 'hibernate.dialect' (remove the property setting and it will be selected by default)
2024-03-14T09:35:10.969+09:00  INFO 2940 --- [ch08] [restartedMain] o.h.e.t.j.p.i.JtaPlatformInitiator       : HHH000489: No JTA platform available (set 'hibernate.transaction.jta.platform' to enable JTA platform integration)
2024-03-14T09:35:10.972+09:00  INFO 2940 --- [ch08] [restartedMain] j.LocalContainerEntityManagerFactoryBean : Initialized JPA EntityManagerFactory for persistence unit 'default'
2024-03-14T09:35:11.003+09:00  WARN 2940 --- [ch08] [restartedMain] JpaBaseConfiguration$JpaWebConfiguration : spring.jpa.open-in-view is enabled by default. Therefore, database queries may be performed during view rendering. Explicitly configure spring.jpa.open-in-view to disable this warning
2024-03-14T09:35:11.018+09:00  INFO 2940 --- [ch08] [restartedMain] o.s.b.a.w.s.WelcomePageHandlerMapping    : Adding welcome page template: index
2024-03-14T09:35:11.235+09:00  WARN 2940 --- [ch08] [restartedMain] .s.s.UserDetailsServiceAutoConfiguration : 

Using generated security password: fc1ea160-4565-4568-b540-0425f69c81ed

This generated password is for development use only. Your security configuration must be updated before running your application in production.

2024-03-14T09:35:11.292+09:00  INFO 2940 --- [ch08] [restartedMain] o.s.s.web.DefaultSecurityFilterChain     : Will secure any request with [org.springframework.security.web.session.DisableEncodeUrlFilter@dd38ce3, org.springframework.security.web.context.request.async.WebAsyncManagerIntegrationFilter@6c4acdab, org.springframework.security.web.context.SecurityContextHolderFilter@52c2d29d, org.springframework.security.web.header.HeaderWriterFilter@793ee474, org.springframework.web.filter.CorsFilter@7ce17715, org.springframework.security.web.csrf.CsrfFilter@1e467b92, org.springframework.security.web.authentication.logout.LogoutFilter@70ecf715, org.springframework.security.web.authentication.UsernamePasswordAuthenticationFilter@5bbadfef, org.springframework.security.web.authentication.ui.DefaultLoginPageGeneratingFilter@6fcce97c, org.springframework.security.web.authentication.ui.DefaultLogoutPageGeneratingFilter@1846c8a, org.springframework.security.web.authentication.www.BasicAuthenticationFilter@16bef8da, org.springframework.security.web.savedrequest.RequestCacheAwareFilter@45b7af4d, org.springframework.security.web.servletapi.SecurityContextHolderAwareRequestFilter@54910e62, org.springframework.security.web.authentication.AnonymousAuthenticationFilter@10214ccd, org.springframework.security.web.access.ExceptionTranslationFilter@47f25193, org.springframework.security.web.access.intercept.AuthorizationFilter@6301991f]
2024-03-14T09:35:11.318+09:00  INFO 2940 --- [ch08] [restartedMain] o.s.b.d.a.OptionalLiveReloadServer       : LiveReload server is running on port 35729
2024-03-14T09:35:11.337+09:00  INFO 2940 --- [ch08] [restartedMain] o.s.b.w.embedded.tomcat.TomcatWebServer  : Tomcat started on port 8080 (http) with context path '/ch08'
2024-03-14T09:35:11.342+09:00  INFO 2940 --- [ch08] [restartedMain] kr.co.ch09.Ch09Application               : Started Ch09Application in 2.052 seconds (process running for 2.515)
2024-03-14T09:38:38.533+09:00  INFO 2940 --- [ch08] [File Watcher] rtingClassPathChangeChangedEventListener : Restarting due to 9 class path changes (9 additions, 0 deletions, 0 modifications)
2024-03-14T09:38:38.541+09:00  INFO 2940 --- [ch08] [Thread-5] j.LocalContainerEntityManagerFactoryBean : Closing JPA EntityManagerFactory for persistence unit 'default'
2024-03-14T09:38:38.544+09:00  INFO 2940 --- [ch08] [Thread-5] com.zaxxer.hikari.HikariDataSource       : HikariPool-1 - Shutdown initiated...
2024-03-14T09:38:38.547+09:00  INFO 2940 --- [ch08] [Thread-5] com.zaxxer.hikari.HikariDataSource       : HikariPool-1 - Shutdown completed.
2024-03-14T09:38:38.595+09:00  INFO 2940 --- [ch08] [restartedMain] kr.co.ch09.Ch09Application               : Starting Ch09Application using Java 17.0.9 with PID 2940 (C:\Users\java\Desktop\workspace\Spring\ch09\build\classes\java\main started by java in C:\Users\java\Desktop\workspace\Spring\ch09)
2024-03-14T09:38:38.596+09:00  INFO 2940 --- [ch08] [restartedMain] kr.co.ch09.Ch09Application               : No active profile set, falling back to 1 default profile: "default"
2024-03-14T09:38:38.674+09:00  INFO 2940 --- [ch08] [restartedMain] .s.d.r.c.RepositoryConfigurationDelegate : Bootstrapping Spring Data JPA repositories in DEFAULT mode.
2024-03-14T09:38:38.689+09:00  INFO 2940 --- [ch08] [restartedMain] .s.d.r.c.RepositoryConfigurationDelegate : Finished Spring Data repository scanning in 14 ms. Found 1 JPA repository interface.
2024-03-14T09:38:38.712+09:00  WARN 2940 --- [ch08] [restartedMain] o.m.s.mapper.ClassPathMapperScanner      : No MyBatis mapper was found in '[kr.co.ch09]' package. Please check your configuration.
2024-03-14T09:38:38.749+09:00  INFO 2940 --- [ch08] [restartedMain] o.s.b.w.embedded.tomcat.TomcatWebServer  : Tomcat initialized with port 8080 (http)
2024-03-14T09:38:38.750+09:00  INFO 2940 --- [ch08] [restartedMain] o.apache.catalina.core.StandardService   : Starting service [Tomcat]
2024-03-14T09:38:38.750+09:00  INFO 2940 --- [ch08] [restartedMain] o.apache.catalina.core.StandardEngine    : Starting Servlet engine: [Apache Tomcat/10.1.19]
2024-03-14T09:38:38.758+09:00  INFO 2940 --- [ch08] [restartedMain] o.a.c.c.C.[Tomcat].[localhost].[/ch08]   : Initializing Spring embedded WebApplicationContext
2024-03-14T09:38:38.758+09:00  INFO 2940 --- [ch08] [restartedMain] w.s.c.ServletWebServerApplicationContext : Root WebApplicationContext: initialization completed in 161 ms
2024-03-14T09:38:38.774+09:00  INFO 2940 --- [ch08] [restartedMain] o.hibernate.jpa.internal.util.LogHelper  : HHH000204: Processing PersistenceUnitInfo [name: default]
2024-03-14T09:38:38.776+09:00  INFO 2940 --- [ch08] [restartedMain] o.h.c.internal.RegionFactoryInitiator    : HHH000026: Second-level cache disabled
2024-03-14T09:38:38.779+09:00  INFO 2940 --- [ch08] [restartedMain] o.s.o.j.p.SpringPersistenceUnitInfo      : No LoadTimeWeaver setup: ignoring JPA class transformer
2024-03-14T09:38:38.779+09:00  INFO 2940 --- [ch08] [restartedMain] com.zaxxer.hikari.HikariDataSource       : HikariPool-2 - Starting...
2024-03-14T09:38:38.789+09:00  INFO 2940 --- [ch08] [restartedMain] com.zaxxer.hikari.pool.HikariPool        : HikariPool-2 - Added connection com.mysql.cj.jdbc.ConnectionImpl@3fa96b8e
2024-03-14T09:38:38.789+09:00  INFO 2940 --- [ch08] [restartedMain] com.zaxxer.hikari.HikariDataSource       : HikariPool-2 - Start completed.
2024-03-14T09:38:38.790+09:00  WARN 2940 --- [ch08] [restartedMain] org.hibernate.orm.deprecation            : HHH90000025: MySQLDialect does not need to be specified explicitly using 'hibernate.dialect' (remove the property setting and it will be selected by default)
2024-03-14T09:38:39.077+09:00  INFO 2940 --- [ch08] [restartedMain] o.h.e.t.j.p.i.JtaPlatformInitiator       : HHH000489: No JTA platform available (set 'hibernate.transaction.jta.platform' to enable JTA platform integration)
2024-03-14T09:38:39.104+09:00  INFO 2940 --- [ch08] [restartedMain] j.LocalContainerEntityManagerFactoryBean : Initialized JPA EntityManagerFactory for persistence unit 'default'
2024-03-14T09:38:39.202+09:00  WARN 2940 --- [ch08] [restartedMain] JpaBaseConfiguration$JpaWebConfiguration : spring.jpa.open-in-view is enabled by default. Therefore, database queries may be performed during view rendering. Explicitly configure spring.jpa.open-in-view to disable this warning
2024-03-14T09:38:39.209+09:00  INFO 2940 --- [ch08] [restartedMain] o.s.b.a.w.s.WelcomePageHandlerMapping    : Adding welcome page template: index
2024-03-14T09:38:39.234+09:00  INFO 2940 --- [ch08] [restartedMain] o.s.s.web.DefaultSecurityFilterChain     : Will secure any request with [org.springframework.security.web.session.DisableEncodeUrlFilter@4b6a4ab2, org.springframework.security.web.context.request.async.WebAsyncManagerIntegrationFilter@58c594ce, org.springframework.security.web.context.SecurityContextHolderFilter@476294a6, org.springframework.security.web.header.HeaderWriterFilter@59f25098, org.springframework.web.filter.CorsFilter@2ae3f459, org.springframework.security.web.authentication.logout.LogoutFilter@6c212205, org.springframework.security.web.authentication.UsernamePasswordAuthenticationFilter@ae33bfa, org.springframework.security.web.savedrequest.RequestCacheAwareFilter@756278db, org.springframework.security.web.servletapi.SecurityContextHolderAwareRequestFilter@7488be78, org.springframework.security.web.authentication.AnonymousAuthenticationFilter@7723485b, org.springframework.security.web.access.ExceptionTranslationFilter@3776c3ac, org.springframework.security.web.access.intercept.AuthorizationFilter@2ebe646a]
2024-03-14T09:38:39.261+09:00  INFO 2940 --- [ch08] [restartedMain] o.s.b.d.a.OptionalLiveReloadServer       : LiveReload server is running on port 35729
2024-03-14T09:38:39.267+09:00  INFO 2940 --- [ch08] [restartedMain] o.s.b.w.embedded.tomcat.TomcatWebServer  : Tomcat started on port 8080 (http) with context path '/ch08'
2024-03-14T09:38:39.269+09:00  INFO 2940 --- [ch08] [restartedMain] kr.co.ch09.Ch09Application               : Started Ch09Application in 0.687 seconds (process running for 210.442)
2024-03-14T09:38:39.271+09:00  INFO 2940 --- [ch08] [restartedMain] .ConditionEvaluationDeltaLoggingListener : Condition evaluation delta:


==========================
CONDITION EVALUATION DELTA
==========================


Positive matches:
-----------------

    None


Negative matches:
-----------------

   SpringBootWebSecurityConfiguration.SecurityFilterChainConfiguration:
      Did not match:
         - AllNestedConditions 1 matched 1 did not; NestedCondition on DefaultWebSecurityCondition.Beans @ConditionalOnMissingBean (types: org.springframework.security.web.SecurityFilterChain; SearchStrategy: all) found beans of type 'org.springframework.security.web.SecurityFilterChain' filterChain; NestedCondition on DefaultWebSecurityCondition.Classes @ConditionalOnClass found required classes 'org.springframework.security.web.SecurityFilterChain', 'org.springframework.security.config.annotation.web.builders.HttpSecurity' (DefaultWebSecurityCondition)

   UserDetailsServiceAutoConfiguration:
      Did not match:
         - @ConditionalOnMissingBean (types: org.springframework.security.authentication.AuthenticationManager,org.springframework.security.authentication.AuthenticationProvider,org.springframework.security.core.userdetails.UserDetailsService,org.springframework.security.authentication.AuthenticationManagerResolver,org.springframework.security.oauth2.jwt.JwtDecoder; SearchStrategy: all) found beans of type 'org.springframework.security.core.userdetails.UserDetailsService' securityUserService (OnBeanCondition)
      Matched:
         - @ConditionalOnClass found required class 'org.springframework.security.authentication.AuthenticationManager' (OnClassCondition)
         - AnyNestedCondition 1 matched 2 did not; NestedCondition on UserDetailsServiceAutoConfiguration.MissingAlternativeOrUserPropertiesConfigured.PasswordConfigured @ConditionalOnProperty (spring.security.user.password) did not find property 'password'; NestedCondition on UserDetailsServiceAutoConfiguration.MissingAlternativeOrUserPropertiesConfigured.NameConfigured @ConditionalOnProperty (spring.security.user.name) did not find property 'name'; NestedCondition on UserDetailsServiceAutoConfiguration.MissingAlternativeOrUserPropertiesConfigured.MissingAlternative @ConditionalOnMissingClass did not find unwanted classes 'org.springframework.security.oauth2.client.registration.ClientRegistrationRepository', 'org.springframework.security.oauth2.server.resource.introspection.OpaqueTokenIntrospector', 'org.springframework.security.saml2.provider.service.registration.RelyingPartyRegistrationRepository' (UserDetailsServiceAutoConfiguration.MissingAlternativeOrUserPropertiesConfigured)


Exclusions:
-----------

    None


Unconditional classes:
----------------------

    None



2024-03-14T09:40:59.252+09:00  INFO 2940 --- [ch08] [File Watcher] rtingClassPathChangeChangedEventListener : Restarting due to 2 class path changes (0 additions, 0 deletions, 2 modifications)
2024-03-14T09:40:59.260+09:00  INFO 2940 --- [ch08] [Thread-7] j.LocalContainerEntityManagerFactoryBean : Closing JPA EntityManagerFactory for persistence unit 'default'
2024-03-14T09:40:59.260+09:00  INFO 2940 --- [ch08] [Thread-7] com.zaxxer.hikari.HikariDataSource       : HikariPool-2 - Shutdown initiated...
2024-03-14T09:40:59.263+09:00  INFO 2940 --- [ch08] [Thread-7] com.zaxxer.hikari.HikariDataSource       : HikariPool-2 - Shutdown completed.
2024-03-14T09:40:59.307+09:00  INFO 2940 --- [ch08] [restartedMain] kr.co.ch09.Ch09Application               : Starting Ch09Application using Java 17.0.9 with PID 2940 (C:\Users\java\Desktop\workspace\Spring\ch09\build\classes\java\main started by java in C:\Users\java\Desktop\workspace\Spring\ch09)
2024-03-14T09:40:59.308+09:00  INFO 2940 --- [ch08] [restartedMain] kr.co.ch09.Ch09Application               : No active profile set, falling back to 1 default profile: "default"
2024-03-14T09:40:59.388+09:00  INFO 2940 --- [ch08] [restartedMain] .s.d.r.c.RepositoryConfigurationDelegate : Bootstrapping Spring Data JPA repositories in DEFAULT mode.
2024-03-14T09:40:59.391+09:00  INFO 2940 --- [ch08] [restartedMain] .s.d.r.c.RepositoryConfigurationDelegate : Finished Spring Data repository scanning in 3 ms. Found 1 JPA repository interface.
2024-03-14T09:40:59.407+09:00  WARN 2940 --- [ch08] [restartedMain] o.m.s.mapper.ClassPathMapperScanner      : No MyBatis mapper was found in '[kr.co.ch09]' package. Please check your configuration.
2024-03-14T09:40:59.435+09:00  INFO 2940 --- [ch08] [restartedMain] o.s.b.w.embedded.tomcat.TomcatWebServer  : Tomcat initialized with port 8080 (http)
2024-03-14T09:40:59.436+09:00  INFO 2940 --- [ch08] [restartedMain] o.apache.catalina.core.StandardService   : Starting service [Tomcat]
2024-03-14T09:40:59.436+09:00  INFO 2940 --- [ch08] [restartedMain] o.apache.catalina.core.StandardEngine    : Starting Servlet engine: [Apache Tomcat/10.1.19]
2024-03-14T09:40:59.444+09:00  INFO 2940 --- [ch08] [restartedMain] o.a.c.c.C.[Tomcat].[localhost].[/ch08]   : Initializing Spring embedded WebApplicationContext
2024-03-14T09:40:59.444+09:00  INFO 2940 --- [ch08] [restartedMain] w.s.c.ServletWebServerApplicationContext : Root WebApplicationContext: initialization completed in 135 ms
2024-03-14T09:40:59.458+09:00  INFO 2940 --- [ch08] [restartedMain] o.hibernate.jpa.internal.util.LogHelper  : HHH000204: Processing PersistenceUnitInfo [name: default]
2024-03-14T09:40:59.461+09:00  INFO 2940 --- [ch08] [restartedMain] o.h.c.internal.RegionFactoryInitiator    : HHH000026: Second-level cache disabled
2024-03-14T09:40:59.463+09:00  INFO 2940 --- [ch08] [restartedMain] o.s.o.j.p.SpringPersistenceUnitInfo      : No LoadTimeWeaver setup: ignoring JPA class transformer
2024-03-14T09:40:59.463+09:00  INFO 2940 --- [ch08] [restartedMain] com.zaxxer.hikari.HikariDataSource       : HikariPool-3 - Starting...
2024-03-14T09:40:59.470+09:00  INFO 2940 --- [ch08] [restartedMain] com.zaxxer.hikari.pool.HikariPool        : HikariPool-3 - Added connection com.mysql.cj.jdbc.ConnectionImpl@472b36e5
2024-03-14T09:40:59.470+09:00  INFO 2940 --- [ch08] [restartedMain] com.zaxxer.hikari.HikariDataSource       : HikariPool-3 - Start completed.
2024-03-14T09:40:59.471+09:00  WARN 2940 --- [ch08] [restartedMain] org.hibernate.orm.deprecation            : HHH90000025: MySQLDialect does not need to be specified explicitly using 'hibernate.dialect' (remove the property setting and it will be selected by default)
2024-03-14T09:40:59.490+09:00  INFO 2940 --- [ch08] [restartedMain] o.h.e.t.j.p.i.JtaPlatformInitiator       : HHH000489: No JTA platform available (set 'hibernate.transaction.jta.platform' to enable JTA platform integration)
2024-03-14T09:40:59.496+09:00  INFO 2940 --- [ch08] [restartedMain] j.LocalContainerEntityManagerFactoryBean : Initialized JPA EntityManagerFactory for persistence unit 'default'
2024-03-14T09:40:59.523+09:00  WARN 2940 --- [ch08] [restartedMain] JpaBaseConfiguration$JpaWebConfiguration : spring.jpa.open-in-view is enabled by default. Therefore, database queries may be performed during view rendering. Explicitly configure spring.jpa.open-in-view to disable this warning
2024-03-14T09:40:59.532+09:00  INFO 2940 --- [ch08] [restartedMain] o.s.b.a.w.s.WelcomePageHandlerMapping    : Adding welcome page template: index
2024-03-14T09:40:59.554+09:00  INFO 2940 --- [ch08] [restartedMain] o.s.s.web.DefaultSecurityFilterChain     : Will secure any request with [org.springframework.security.web.session.DisableEncodeUrlFilter@52c1732d, org.springframework.security.web.context.request.async.WebAsyncManagerIntegrationFilter@649bf3f1, org.springframework.security.web.context.SecurityContextHolderFilter@3d16d9c4, org.springframework.security.web.header.HeaderWriterFilter@2803564f, org.springframework.web.filter.CorsFilter@6f5ae546, org.springframework.security.web.authentication.logout.LogoutFilter@4b0b4495, org.springframework.security.web.authentication.UsernamePasswordAuthenticationFilter@6d5b76e2, org.springframework.security.web.savedrequest.RequestCacheAwareFilter@62d885cb, org.springframework.security.web.servletapi.SecurityContextHolderAwareRequestFilter@72dbec89, org.springframework.security.web.authentication.AnonymousAuthenticationFilter@515aa6e6, org.springframework.security.web.access.ExceptionTranslationFilter@10600e6f, org.springframework.security.web.access.intercept.AuthorizationFilter@437fa83b]
2024-03-14T09:40:59.579+09:00  INFO 2940 --- [ch08] [restartedMain] o.s.b.d.a.OptionalLiveReloadServer       : LiveReload server is running on port 35729
2024-03-14T09:40:59.585+09:00  INFO 2940 --- [ch08] [restartedMain] o.s.b.w.embedded.tomcat.TomcatWebServer  : Tomcat started on port 8080 (http) with context path '/ch08'
2024-03-14T09:40:59.588+09:00  INFO 2940 --- [ch08] [restartedMain] kr.co.ch09.Ch09Application               : Started Ch09Application in 0.292 seconds (process running for 350.761)
2024-03-14T09:40:59.588+09:00  INFO 2940 --- [ch08] [restartedMain] .ConditionEvaluationDeltaLoggingListener : Condition evaluation unchanged
2024-03-14T09:43:13.859+09:00  INFO 2940 --- [ch08] [File Watcher] rtingClassPathChangeChangedEventListener : Restarting due to 4 class path changes (1 addition, 0 deletions, 3 modifications)
2024-03-14T09:43:13.867+09:00  INFO 2940 --- [ch08] [Thread-11] j.LocalContainerEntityManagerFactoryBean : Closing JPA EntityManagerFactory for persistence unit 'default'
2024-03-14T09:43:13.868+09:00  INFO 2940 --- [ch08] [Thread-11] com.zaxxer.hikari.HikariDataSource       : HikariPool-3 - Shutdown initiated...
2024-03-14T09:43:13.870+09:00  INFO 2940 --- [ch08] [Thread-11] com.zaxxer.hikari.HikariDataSource       : HikariPool-3 - Shutdown completed.
2024-03-14T09:43:13.913+09:00  INFO 2940 --- [ch08] [restartedMain] kr.co.ch09.Ch09Application               : Starting Ch09Application using Java 17.0.9 with PID 2940 (C:\Users\java\Desktop\workspace\Spring\ch09\build\classes\java\main started by java in C:\Users\java\Desktop\workspace\Spring\ch09)
2024-03-14T09:43:13.913+09:00  INFO 2940 --- [ch08] [restartedMain] kr.co.ch09.Ch09Application               : No active profile set, falling back to 1 default profile: "default"
2024-03-14T09:43:13.985+09:00  INFO 2940 --- [ch08] [restartedMain] .s.d.r.c.RepositoryConfigurationDelegate : Bootstrapping Spring Data JPA repositories in DEFAULT mode.
2024-03-14T09:43:13.988+09:00  INFO 2940 --- [ch08] [restartedMain] .s.d.r.c.RepositoryConfigurationDelegate : Finished Spring Data repository scanning in 2 ms. Found 1 JPA repository interface.
2024-03-14T09:43:14.004+09:00  WARN 2940 --- [ch08] [restartedMain] o.m.s.mapper.ClassPathMapperScanner      : No MyBatis mapper was found in '[kr.co.ch09]' package. Please check your configuration.
2024-03-14T09:43:14.030+09:00  INFO 2940 --- [ch08] [restartedMain] o.s.b.w.embedded.tomcat.TomcatWebServer  : Tomcat initialized with port 8080 (http)
2024-03-14T09:43:14.030+09:00  INFO 2940 --- [ch08] [restartedMain] o.apache.catalina.core.StandardService   : Starting service [Tomcat]
2024-03-14T09:43:14.030+09:00  INFO 2940 --- [ch08] [restartedMain] o.apache.catalina.core.StandardEngine    : Starting Servlet engine: [Apache Tomcat/10.1.19]
2024-03-14T09:43:14.037+09:00  INFO 2940 --- [ch08] [restartedMain] o.a.c.c.C.[Tomcat].[localhost].[/ch08]   : Initializing Spring embedded WebApplicationContext
2024-03-14T09:43:14.037+09:00  INFO 2940 --- [ch08] [restartedMain] w.s.c.ServletWebServerApplicationContext : Root WebApplicationContext: initialization completed in 123 ms
2024-03-14T09:43:14.051+09:00  INFO 2940 --- [ch08] [restartedMain] o.hibernate.jpa.internal.util.LogHelper  : HHH000204: Processing PersistenceUnitInfo [name: default]
2024-03-14T09:43:14.053+09:00  INFO 2940 --- [ch08] [restartedMain] o.h.c.internal.RegionFactoryInitiator    : HHH000026: Second-level cache disabled
2024-03-14T09:43:14.055+09:00  INFO 2940 --- [ch08] [restartedMain] o.s.o.j.p.SpringPersistenceUnitInfo      : No LoadTimeWeaver setup: ignoring JPA class transformer
2024-03-14T09:43:14.055+09:00  INFO 2940 --- [ch08] [restartedMain] com.zaxxer.hikari.HikariDataSource       : HikariPool-4 - Starting...
2024-03-14T09:43:14.061+09:00  INFO 2940 --- [ch08] [restartedMain] com.zaxxer.hikari.pool.HikariPool        : HikariPool-4 - Added connection com.mysql.cj.jdbc.ConnectionImpl@13f6737e
2024-03-14T09:43:14.062+09:00  INFO 2940 --- [ch08] [restartedMain] com.zaxxer.hikari.HikariDataSource       : HikariPool-4 - Start completed.
2024-03-14T09:43:14.063+09:00  WARN 2940 --- [ch08] [restartedMain] org.hibernate.orm.deprecation            : HHH90000025: MySQLDialect does not need to be specified explicitly using 'hibernate.dialect' (remove the property setting and it will be selected by default)
2024-03-14T09:43:14.079+09:00  INFO 2940 --- [ch08] [restartedMain] o.h.e.t.j.p.i.JtaPlatformInitiator       : HHH000489: No JTA platform available (set 'hibernate.transaction.jta.platform' to enable JTA platform integration)
2024-03-14T09:43:14.086+09:00  INFO 2940 --- [ch08] [restartedMain] j.LocalContainerEntityManagerFactoryBean : Initialized JPA EntityManagerFactory for persistence unit 'default'
2024-03-14T09:43:14.115+09:00  WARN 2940 --- [ch08] [restartedMain] JpaBaseConfiguration$JpaWebConfiguration : spring.jpa.open-in-view is enabled by default. Therefore, database queries may be performed during view rendering. Explicitly configure spring.jpa.open-in-view to disable this warning
2024-03-14T09:43:14.122+09:00  INFO 2940 --- [ch08] [restartedMain] o.s.b.a.w.s.WelcomePageHandlerMapping    : Adding welcome page template: index
2024-03-14T09:43:14.144+09:00  INFO 2940 --- [ch08] [restartedMain] o.s.s.web.DefaultSecurityFilterChain     : Will secure any request with [org.springframework.security.web.session.DisableEncodeUrlFilter@4162b97d, org.springframework.security.web.context.request.async.WebAsyncManagerIntegrationFilter@539adf1, org.springframework.security.web.context.SecurityContextHolderFilter@10d6bf18, org.springframework.security.web.header.HeaderWriterFilter@15959e16, org.springframework.web.filter.CorsFilter@6720e86d, org.springframework.security.web.authentication.logout.LogoutFilter@73132d8a, org.springframework.security.web.authentication.UsernamePasswordAuthenticationFilter@70469b23, org.springframework.security.web.savedrequest.RequestCacheAwareFilter@39e75635, org.springframework.security.web.servletapi.SecurityContextHolderAwareRequestFilter@6f4430fe, org.springframework.security.web.authentication.AnonymousAuthenticationFilter@7136eaf3, org.springframework.security.web.access.ExceptionTranslationFilter@46120ce3, org.springframework.security.web.access.intercept.AuthorizationFilter@2b77bee4]
2024-03-14T09:43:14.170+09:00  INFO 2940 --- [ch08] [restartedMain] o.s.b.d.a.OptionalLiveReloadServer       : LiveReload server is running on port 35729
2024-03-14T09:43:14.176+09:00  INFO 2940 --- [ch08] [restartedMain] o.s.b.w.embedded.tomcat.TomcatWebServer  : Tomcat started on port 8080 (http) with context path '/ch08'
2024-03-14T09:43:14.179+09:00  INFO 2940 --- [ch08] [restartedMain] kr.co.ch09.Ch09Application               : Started Ch09Application in 0.278 seconds (process running for 485.353)
2024-03-14T09:43:14.180+09:00  INFO 2940 --- [ch08] [restartedMain] .ConditionEvaluationDeltaLoggingListener : Condition evaluation unchanged
2024-03-14T09:48:36.786+09:00  INFO 2940 --- [ch08] [File Watcher] rtingClassPathChangeChangedEventListener : Restarting due to 4 class path changes (2 additions, 0 deletions, 2 modifications)
2024-03-14T09:48:36.793+09:00  INFO 2940 --- [ch08] [Thread-15] j.LocalContainerEntityManagerFactoryBean : Closing JPA EntityManagerFactory for persistence unit 'default'
2024-03-14T09:48:36.794+09:00  INFO 2940 --- [ch08] [Thread-15] com.zaxxer.hikari.HikariDataSource       : HikariPool-4 - Shutdown initiated...
2024-03-14T09:48:36.798+09:00  INFO 2940 --- [ch08] [Thread-15] com.zaxxer.hikari.HikariDataSource       : HikariPool-4 - Shutdown completed.
2024-03-14T09:48:36.840+09:00  INFO 2940 --- [ch08] [restartedMain] kr.co.ch09.Ch09Application               : Starting Ch09Application using Java 17.0.9 with PID 2940 (C:\Users\java\Desktop\workspace\Spring\ch09\build\classes\java\main started by java in C:\Users\java\Desktop\workspace\Spring\ch09)
2024-03-14T09:48:36.841+09:00  INFO 2940 --- [ch08] [restartedMain] kr.co.ch09.Ch09Application               : No active profile set, falling back to 1 default profile: "default"
2024-03-14T09:48:36.921+09:00  INFO 2940 --- [ch08] [restartedMain] .s.d.r.c.RepositoryConfigurationDelegate : Bootstrapping Spring Data JPA repositories in DEFAULT mode.
2024-03-14T09:48:36.924+09:00  INFO 2940 --- [ch08] [restartedMain] .s.d.r.c.RepositoryConfigurationDelegate : Finished Spring Data repository scanning in 3 ms. Found 1 JPA repository interface.
2024-03-14T09:48:36.942+09:00  WARN 2940 --- [ch08] [restartedMain] o.m.s.mapper.ClassPathMapperScanner      : No MyBatis mapper was found in '[kr.co.ch09]' package. Please check your configuration.
2024-03-14T09:48:36.971+09:00  INFO 2940 --- [ch08] [restartedMain] o.s.b.w.embedded.tomcat.TomcatWebServer  : Tomcat initialized with port 8080 (http)
2024-03-14T09:48:36.971+09:00  INFO 2940 --- [ch08] [restartedMain] o.apache.catalina.core.StandardService   : Starting service [Tomcat]
2024-03-14T09:48:36.971+09:00  INFO 2940 --- [ch08] [restartedMain] o.apache.catalina.core.StandardEngine    : Starting Servlet engine: [Apache Tomcat/10.1.19]
2024-03-14T09:48:36.979+09:00  INFO 2940 --- [ch08] [restartedMain] o.a.c.c.C.[Tomcat].[localhost].[/ch08]   : Initializing Spring embedded WebApplicationContext
2024-03-14T09:48:36.979+09:00  INFO 2940 --- [ch08] [restartedMain] w.s.c.ServletWebServerApplicationContext : Root WebApplicationContext: initialization completed in 138 ms
2024-03-14T09:48:36.994+09:00  INFO 2940 --- [ch08] [restartedMain] o.hibernate.jpa.internal.util.LogHelper  : HHH000204: Processing PersistenceUnitInfo [name: default]
2024-03-14T09:48:36.996+09:00  INFO 2940 --- [ch08] [restartedMain] o.h.c.internal.RegionFactoryInitiator    : HHH000026: Second-level cache disabled
2024-03-14T09:48:36.999+09:00  INFO 2940 --- [ch08] [restartedMain] o.s.o.j.p.SpringPersistenceUnitInfo      : No LoadTimeWeaver setup: ignoring JPA class transformer
2024-03-14T09:48:36.999+09:00  INFO 2940 --- [ch08] [restartedMain] com.zaxxer.hikari.HikariDataSource       : HikariPool-5 - Starting...
2024-03-14T09:48:37.006+09:00  INFO 2940 --- [ch08] [restartedMain] com.zaxxer.hikari.pool.HikariPool        : HikariPool-5 - Added connection com.mysql.cj.jdbc.ConnectionImpl@724f0a74
2024-03-14T09:48:37.006+09:00  INFO 2940 --- [ch08] [restartedMain] com.zaxxer.hikari.HikariDataSource       : HikariPool-5 - Start completed.
2024-03-14T09:48:37.007+09:00  WARN 2940 --- [ch08] [restartedMain] org.hibernate.orm.deprecation            : HHH90000025: MySQLDialect does not need to be specified explicitly using 'hibernate.dialect' (remove the property setting and it will be selected by default)
2024-03-14T09:48:37.026+09:00  INFO 2940 --- [ch08] [restartedMain] o.h.e.t.j.p.i.JtaPlatformInitiator       : HHH000489: No JTA platform available (set 'hibernate.transaction.jta.platform' to enable JTA platform integration)
2024-03-14T09:48:37.033+09:00  INFO 2940 --- [ch08] [restartedMain] j.LocalContainerEntityManagerFactoryBean : Initialized JPA EntityManagerFactory for persistence unit 'default'
2024-03-14T09:48:37.063+09:00  WARN 2940 --- [ch08] [restartedMain] JpaBaseConfiguration$JpaWebConfiguration : spring.jpa.open-in-view is enabled by default. Therefore, database queries may be performed during view rendering. Explicitly configure spring.jpa.open-in-view to disable this warning
2024-03-14T09:48:37.071+09:00  INFO 2940 --- [ch08] [restartedMain] o.s.b.a.w.s.WelcomePageHandlerMapping    : Adding welcome page template: index
2024-03-14T09:48:37.094+09:00  INFO 2940 --- [ch08] [restartedMain] o.s.s.web.DefaultSecurityFilterChain     : Will secure any request with [org.springframework.security.web.session.DisableEncodeUrlFilter@2e9d91, org.springframework.security.web.context.request.async.WebAsyncManagerIntegrationFilter@25e5892a, org.springframework.security.web.context.SecurityContextHolderFilter@3dced103, org.springframework.security.web.header.HeaderWriterFilter@3e16b38e, org.springframework.web.filter.CorsFilter@5c3d201e, org.springframework.security.web.authentication.logout.LogoutFilter@665034f5, org.springframework.security.web.authentication.UsernamePasswordAuthenticationFilter@73381e10, org.springframework.security.web.savedrequest.RequestCacheAwareFilter@65ec3249, org.springframework.security.web.servletapi.SecurityContextHolderAwareRequestFilter@22a6fb74, org.springframework.security.web.authentication.AnonymousAuthenticationFilter@419ef099, org.springframework.security.web.access.ExceptionTranslationFilter@3b4f8848, org.springframework.security.web.access.intercept.AuthorizationFilter@3355dd75]
2024-03-14T09:48:37.125+09:00  INFO 2940 --- [ch08] [restartedMain] o.s.b.d.a.OptionalLiveReloadServer       : LiveReload server is running on port 35729
2024-03-14T09:48:37.131+09:00  INFO 2940 --- [ch08] [restartedMain] o.s.b.w.embedded.tomcat.TomcatWebServer  : Tomcat started on port 8080 (http) with context path '/ch08'
2024-03-14T09:48:37.133+09:00  INFO 2940 --- [ch08] [restartedMain] kr.co.ch09.Ch09Application               : Started Ch09Application in 0.305 seconds (process running for 808.307)
2024-03-14T09:48:37.134+09:00  INFO 2940 --- [ch08] [restartedMain] .ConditionEvaluationDeltaLoggingListener : Condition evaluation unchanged
2024-03-14T09:50:43.406+09:00  INFO 2940 --- [ch08] [SpringApplicationShutdownHook] j.LocalContainerEntityManagerFactoryBean : Closing JPA EntityManagerFactory for persistence unit 'default'
2024-03-14T09:50:43.406+09:00  INFO 2940 --- [ch08] [SpringApplicationShutdownHook] com.zaxxer.hikari.HikariDataSource       : HikariPool-5 - Shutdown initiated...
2024-03-14T09:50:43.408+09:00  INFO 2940 --- [ch08] [SpringApplicationShutdownHook] com.zaxxer.hikari.HikariDataSource       : HikariPool-5 - Shutdown completed.
2024-03-14T09:51:17.071+09:00  INFO 9704 --- [ch08] [restartedMain] kr.co.ch09.Ch09Application               : Starting Ch09Application using Java 17.0.9 with PID 9704 (C:\Users\java\Desktop\workspace\Spring\ch09\build\classes\java\main started by java in C:\Users\java\Desktop\workspace\Spring\ch09)
2024-03-14T09:51:17.073+09:00  INFO 9704 --- [ch08] [restartedMain] kr.co.ch09.Ch09Application               : No active profile set, falling back to 1 default profile: "default"
2024-03-14T09:51:17.103+09:00  INFO 9704 --- [ch08] [restartedMain] .e.DevToolsPropertyDefaultsPostProcessor : Devtools property defaults active! Set 'spring.devtools.add-properties' to 'false' to disable
2024-03-14T09:51:17.103+09:00  INFO 9704 --- [ch08] [restartedMain] .e.DevToolsPropertyDefaultsPostProcessor : For additional web related logging consider setting the 'logging.level.web' property to 'DEBUG'
2024-03-14T09:51:17.452+09:00  INFO 9704 --- [ch08] [restartedMain] .s.d.r.c.RepositoryConfigurationDelegate : Bootstrapping Spring Data JPA repositories in DEFAULT mode.
2024-03-14T09:51:17.474+09:00  INFO 9704 --- [ch08] [restartedMain] .s.d.r.c.RepositoryConfigurationDelegate : Finished Spring Data repository scanning in 19 ms. Found 1 JPA repository interface.
2024-03-14T09:51:17.538+09:00  WARN 9704 --- [ch08] [restartedMain] o.m.s.mapper.ClassPathMapperScanner      : No MyBatis mapper was found in '[kr.co.ch09]' package. Please check your configuration.
2024-03-14T09:51:17.768+09:00  INFO 9704 --- [ch08] [restartedMain] o.s.b.w.embedded.tomcat.TomcatWebServer  : Tomcat initialized with port 8080 (http)
2024-03-14T09:51:17.775+09:00  INFO 9704 --- [ch08] [restartedMain] o.apache.catalina.core.StandardService   : Starting service [Tomcat]
2024-03-14T09:51:17.775+09:00  INFO 9704 --- [ch08] [restartedMain] o.apache.catalina.core.StandardEngine    : Starting Servlet engine: [Apache Tomcat/10.1.19]
2024-03-14T09:51:17.805+09:00  INFO 9704 --- [ch08] [restartedMain] o.a.c.c.C.[Tomcat].[localhost].[/ch08]   : Initializing Spring embedded WebApplicationContext
2024-03-14T09:51:17.805+09:00  INFO 9704 --- [ch08] [restartedMain] w.s.c.ServletWebServerApplicationContext : Root WebApplicationContext: initialization completed in 702 ms
2024-03-14T09:51:17.898+09:00  INFO 9704 --- [ch08] [restartedMain] o.hibernate.jpa.internal.util.LogHelper  : HHH000204: Processing PersistenceUnitInfo [name: default]
2024-03-14T09:51:17.929+09:00  INFO 9704 --- [ch08] [restartedMain] org.hibernate.Version                    : HHH000412: Hibernate ORM core version 6.4.4.Final
2024-03-14T09:51:17.951+09:00  INFO 9704 --- [ch08] [restartedMain] o.h.c.internal.RegionFactoryInitiator    : HHH000026: Second-level cache disabled
2024-03-14T09:51:18.133+09:00  INFO 9704 --- [ch08] [restartedMain] o.s.o.j.p.SpringPersistenceUnitInfo      : No LoadTimeWeaver setup: ignoring JPA class transformer
2024-03-14T09:51:18.151+09:00  INFO 9704 --- [ch08] [restartedMain] com.zaxxer.hikari.HikariDataSource       : HikariPool-1 - Starting...
2024-03-14T09:51:18.365+09:00  INFO 9704 --- [ch08] [restartedMain] com.zaxxer.hikari.pool.HikariPool        : HikariPool-1 - Added connection com.mysql.cj.jdbc.ConnectionImpl@19eda66e
2024-03-14T09:51:18.367+09:00  INFO 9704 --- [ch08] [restartedMain] com.zaxxer.hikari.HikariDataSource       : HikariPool-1 - Start completed.
2024-03-14T09:51:18.395+09:00  WARN 9704 --- [ch08] [restartedMain] org.hibernate.orm.deprecation            : HHH90000025: MySQLDialect does not need to be specified explicitly using 'hibernate.dialect' (remove the property setting and it will be selected by default)
2024-03-14T09:51:18.809+09:00  INFO 9704 --- [ch08] [restartedMain] o.h.e.t.j.p.i.JtaPlatformInitiator       : HHH000489: No JTA platform available (set 'hibernate.transaction.jta.platform' to enable JTA platform integration)
2024-03-14T09:51:18.836+09:00  INFO 9704 --- [ch08] [restartedMain] j.LocalContainerEntityManagerFactoryBean : Initialized JPA EntityManagerFactory for persistence unit 'default'
2024-03-14T09:51:18.948+09:00  WARN 9704 --- [ch08] [restartedMain] JpaBaseConfiguration$JpaWebConfiguration : spring.jpa.open-in-view is enabled by default. Therefore, database queries may be performed during view rendering. Explicitly configure spring.jpa.open-in-view to disable this warning
2024-03-14T09:51:19.011+09:00  INFO 9704 --- [ch08] [restartedMain] o.s.b.a.w.s.WelcomePageHandlerMapping    : Adding welcome page template: index
2024-03-14T09:51:19.089+09:00  INFO 9704 --- [ch08] [restartedMain] o.s.s.web.DefaultSecurityFilterChain     : Will secure any request with [org.springframework.security.web.session.DisableEncodeUrlFilter@5336e0a2, org.springframework.security.web.context.request.async.WebAsyncManagerIntegrationFilter@3228713c, org.springframework.security.web.context.SecurityContextHolderFilter@73376542, org.springframework.security.web.header.HeaderWriterFilter@783af4a2, org.springframework.web.filter.CorsFilter@82368aa, org.springframework.security.web.authentication.logout.LogoutFilter@4cfda420, org.springframework.security.web.authentication.UsernamePasswordAuthenticationFilter@632265a6, org.springframework.security.web.savedrequest.RequestCacheAwareFilter@513ab05e, org.springframework.security.web.servletapi.SecurityContextHolderAwareRequestFilter@7eea5af3, org.springframework.security.web.authentication.AnonymousAuthenticationFilter@7114d1a1, org.springframework.security.web.access.ExceptionTranslationFilter@1758bc83, org.springframework.security.web.access.intercept.AuthorizationFilter@195f041c]
2024-03-14T09:51:19.232+09:00  INFO 9704 --- [ch08] [restartedMain] o.s.b.d.a.OptionalLiveReloadServer       : LiveReload server is running on port 35729
2024-03-14T09:51:19.250+09:00  INFO 9704 --- [ch08] [restartedMain] o.s.b.w.embedded.tomcat.TomcatWebServer  : Tomcat started on port 8080 (http) with context path '/ch08'
2024-03-14T09:51:19.255+09:00  INFO 9704 --- [ch08] [restartedMain] kr.co.ch09.Ch09Application               : Started Ch09Application in 2.416 seconds (process running for 2.714)
2024-03-14T09:52:26.789+09:00  INFO 9704 --- [ch08] [File Watcher] rtingClassPathChangeChangedEventListener : Restarting due to 2 class path changes (0 additions, 0 deletions, 2 modifications)
2024-03-14T09:52:26.797+09:00  INFO 9704 --- [ch08] [Thread-5] j.LocalContainerEntityManagerFactoryBean : Closing JPA EntityManagerFactory for persistence unit 'default'
2024-03-14T09:52:26.799+09:00  INFO 9704 --- [ch08] [Thread-5] com.zaxxer.hikari.HikariDataSource       : HikariPool-1 - Shutdown initiated...
2024-03-14T09:52:26.804+09:00  INFO 9704 --- [ch08] [Thread-5] com.zaxxer.hikari.HikariDataSource       : HikariPool-1 - Shutdown completed.
2024-03-14T09:52:26.842+09:00  INFO 9704 --- [ch09] [restartedMain] kr.co.ch09.Ch09Application               : Starting Ch09Application using Java 17.0.9 with PID 9704 (C:\Users\java\Desktop\workspace\Spring\ch09\build\classes\java\main started by java in C:\Users\java\Desktop\workspace\Spring\ch09)
2024-03-14T09:52:26.842+09:00  INFO 9704 --- [ch09] [restartedMain] kr.co.ch09.Ch09Application               : No active profile set, falling back to 1 default profile: "default"
2024-03-14T09:52:26.929+09:00  INFO 9704 --- [ch09] [restartedMain] .s.d.r.c.RepositoryConfigurationDelegate : Bootstrapping Spring Data JPA repositories in DEFAULT mode.
2024-03-14T09:52:26.932+09:00  INFO 9704 --- [ch09] [restartedMain] .s.d.r.c.RepositoryConfigurationDelegate : Finished Spring Data repository scanning in 3 ms. Found 1 JPA repository interface.
2024-03-14T09:52:26.952+09:00  WARN 9704 --- [ch09] [restartedMain] o.m.s.mapper.ClassPathMapperScanner      : No MyBatis mapper was found in '[kr.co.ch09]' package. Please check your configuration.
2024-03-14T09:52:26.980+09:00  INFO 9704 --- [ch09] [restartedMain] o.s.b.w.embedded.tomcat.TomcatWebServer  : Tomcat initialized with port 8080 (http)
2024-03-14T09:52:26.980+09:00  INFO 9704 --- [ch09] [restartedMain] o.apache.catalina.core.StandardService   : Starting service [Tomcat]
2024-03-14T09:52:26.980+09:00  INFO 9704 --- [ch09] [restartedMain] o.apache.catalina.core.StandardEngine    : Starting Servlet engine: [Apache Tomcat/10.1.19]
2024-03-14T09:52:26.988+09:00  INFO 9704 --- [ch09] [restartedMain] o.a.c.c.C.[Tomcat].[localhost].[/ch09]   : Initializing Spring embedded WebApplicationContext
2024-03-14T09:52:26.988+09:00  INFO 9704 --- [ch09] [restartedMain] w.s.c.ServletWebServerApplicationContext : Root WebApplicationContext: initialization completed in 145 ms
2024-03-14T09:52:27.006+09:00  INFO 9704 --- [ch09] [restartedMain] o.hibernate.jpa.internal.util.LogHelper  : HHH000204: Processing PersistenceUnitInfo [name: default]
2024-03-14T09:52:27.008+09:00  INFO 9704 --- [ch09] [restartedMain] o.h.c.internal.RegionFactoryInitiator    : HHH000026: Second-level cache disabled
2024-03-14T09:52:27.013+09:00  INFO 9704 --- [ch09] [restartedMain] o.s.o.j.p.SpringPersistenceUnitInfo      : No LoadTimeWeaver setup: ignoring JPA class transformer
2024-03-14T09:52:27.014+09:00  INFO 9704 --- [ch09] [restartedMain] com.zaxxer.hikari.HikariDataSource       : HikariPool-2 - Starting...
2024-03-14T09:52:27.022+09:00  INFO 9704 --- [ch09] [restartedMain] com.zaxxer.hikari.pool.HikariPool        : HikariPool-2 - Added connection com.mysql.cj.jdbc.ConnectionImpl@368c484
2024-03-14T09:52:27.022+09:00  INFO 9704 --- [ch09] [restartedMain] com.zaxxer.hikari.HikariDataSource       : HikariPool-2 - Start completed.
2024-03-14T09:52:27.023+09:00  WARN 9704 --- [ch09] [restartedMain] org.hibernate.orm.deprecation            : HHH90000025: MySQLDialect does not need to be specified explicitly using 'hibernate.dialect' (remove the property setting and it will be selected by default)
2024-03-14T09:52:27.047+09:00  INFO 9704 --- [ch09] [restartedMain] o.h.e.t.j.p.i.JtaPlatformInitiator       : HHH000489: No JTA platform available (set 'hibernate.transaction.jta.platform' to enable JTA platform integration)
2024-03-14T09:52:27.055+09:00  INFO 9704 --- [ch09] [restartedMain] j.LocalContainerEntityManagerFactoryBean : Initialized JPA EntityManagerFactory for persistence unit 'default'
2024-03-14T09:52:27.083+09:00  WARN 9704 --- [ch09] [restartedMain] JpaBaseConfiguration$JpaWebConfiguration : spring.jpa.open-in-view is enabled by default. Therefore, database queries may be performed during view rendering. Explicitly configure spring.jpa.open-in-view to disable this warning
2024-03-14T09:52:27.091+09:00  INFO 9704 --- [ch09] [restartedMain] o.s.b.a.w.s.WelcomePageHandlerMapping    : Adding welcome page template: index
2024-03-14T09:52:27.114+09:00  INFO 9704 --- [ch09] [restartedMain] o.s.s.web.DefaultSecurityFilterChain     : Will secure any request with [org.springframework.security.web.session.DisableEncodeUrlFilter@547e2c7e, org.springframework.security.web.context.request.async.WebAsyncManagerIntegrationFilter@25594103, org.springframework.security.web.context.SecurityContextHolderFilter@3fa74183, org.springframework.security.web.header.HeaderWriterFilter@39f75849, org.springframework.web.filter.CorsFilter@dbf6c2, org.springframework.security.web.authentication.logout.LogoutFilter@31d8eaae, org.springframework.security.web.authentication.UsernamePasswordAuthenticationFilter@101c3953, org.springframework.security.web.savedrequest.RequestCacheAwareFilter@35e280f6, org.springframework.security.web.servletapi.SecurityContextHolderAwareRequestFilter@37c02d5b, org.springframework.security.web.authentication.AnonymousAuthenticationFilter@b2d74bc, org.springframework.security.web.access.ExceptionTranslationFilter@4478db1a, org.springframework.security.web.access.intercept.AuthorizationFilter@22053f0a]
2024-03-14T09:52:27.143+09:00  INFO 9704 --- [ch09] [restartedMain] o.s.b.d.a.OptionalLiveReloadServer       : LiveReload server is running on port 35729
2024-03-14T09:52:27.148+09:00  INFO 9704 --- [ch09] [restartedMain] o.s.b.w.embedded.tomcat.TomcatWebServer  : Tomcat started on port 8080 (http) with context path '/ch09'
2024-03-14T09:52:27.151+09:00  INFO 9704 --- [ch09] [restartedMain] kr.co.ch09.Ch09Application               : Started Ch09Application in 0.323 seconds (process running for 70.61)
2024-03-14T09:52:38.555+09:00  INFO 9704 --- [ch09] [SpringApplicationShutdownHook] j.LocalContainerEntityManagerFactoryBean : Closing JPA EntityManagerFactory for persistence unit 'default'
2024-03-14T09:52:38.555+09:00  INFO 9704 --- [ch09] [SpringApplicationShutdownHook] com.zaxxer.hikari.HikariDataSource       : HikariPool-2 - Shutdown initiated...
2024-03-14T09:52:38.557+09:00  INFO 9704 --- [ch09] [SpringApplicationShutdownHook] com.zaxxer.hikari.HikariDataSource       : HikariPool-2 - Shutdown completed.
